Minimization output, phot
-------------------------
Input files:
EXAMPLE/PHOT/phot_err.inp
EXAMPLE/PHOT/phot.fits  pixscale  0.50 arcsec/pix
sky:  800.00  skysig:   14.14    gain:    4.00

FITS region:       x-low:      1   y-low:      1 x-range:    256 y-range:    256
FITS sampling:    regrad:  10.00   regpa:  35.00  regeps:   0.40 istpout:      2

Output model and (data-model) residuals files:
EXAMPLE/PHOT/OUT/err.mod
EXAMPLE/PHOT/OUT/err.res

Disk toggles:         PA: T     eps: T  center: T non-axi: T    phib: T
phot toggles:     lbulge: T    lr_e: T  lsersn: T blg eps: T bar eps: T

Input values
------------
disk PA, phi_d^prime (deg):           35.00
disk eps:                              0.40
x,y center (data units):             130.00  130.00
Bar PA (deg):                          5.00
Bar eps:                               0.50
Bulge r_e (pixels):                   10.00
Sersic n:                              2.00
Bulge eps:                             0.20




Seeing correction applied. FWHM (data units):      2.00
No model component smoothing applied
Uncertainties estimated via bootstrap:  seed:      -50  nunc:        5  junc:   -1.00
Non-axisymmetries fixed to 0 outside range:    5.00   40.00


Best fitting values
-------------------
disk PA, phi_d^prime (deg):           39.99 +/-  0.59
disk eps:                              0.29 +/-  0.01
disk incl (deg):                      45.00 +/-  0.41
x,y center (data units):             129.99 +/-  0.00,  130.00 +/-  0.01
Non-axisymm phib (sky plane, deg):    10.05 +/-  0.29, -129.16
Bar eps:                               0.59 +/-  0.00
Bulge r_e (pixels):                    8.35 +/-  1.53
Bulge I_0 (ADU):                     365.10 +/-    26.88
Sersic n:                              1.67 +/-  0.05
Bulge eps:                             0.17 +/-  0.02

Disk light fraction (%):              79.95 +/-  3.00
Bar light fraction (%):                9.84 +/-  0.43
Bulge light fraction (%):             10.21 +/-  3.00

Minimization Details
---------------------
# points Dn used in fit:               7495
# iterations in minimization:             8
Minimum chi^2 found:               0.963589
Degrees of freedom in fit:             7458

Fitted intensities                                         (radii in pixels, intensities in ADU):
       r        npts       Idisk      eIdisk        Ibar       eIbar     Ibulge      eIbulge
---------------------------------------------------------------------------------------------
      5.00    125.66      648.64      137.49      190.62       21.06      809.16      206.08
     10.00     99.62      634.27       73.90      173.99       12.48      258.78       97.38
     15.00     83.31      528.20       45.60      198.77       11.32      102.91       49.00
     20.00    111.42      442.73       26.30      207.67        7.07       46.05       25.96
     25.00    138.69      365.77       15.80      181.34       11.63       22.27       14.33
     30.00    167.88      297.15       10.87      247.88        3.56       11.40        8.17
     35.00    195.05      251.13        6.79       65.17        7.45        6.09        4.79
     40.00    222.13      200.74        3.41        0.00        2.21        3.37        2.87
     45.00    250.14      166.13        3.57        0.00        0.00        1.92        1.76
     50.00    277.36      134.53        1.89        0.00        0.00        1.12        1.09
     55.00    306.19      111.57        2.07        0.00        0.00        0.67        0.69
     60.00    333.79       89.44        1.68        0.00        0.00        0.41        0.44
     65.00    360.50       74.49        2.42        0.00        0.00        0.25        0.29
     70.00    388.48       60.16        2.14        0.00        0.00        0.16        0.19
     75.00    415.92       49.51        2.03        0.00        0.00        0.10        0.13
     80.00    680.87       38.74        1.53        0.00        0.00        0.06        0.08
     90.00    999.37       29.25        1.46        0.00        0.00        0.03        0.04
    100.00   1103.92        7.84        0.92        0.00        0.00        0.01        0.02
    110.00   1234.70        0.67        0.85        0.00        0.00        0.01        0.01
