Minimization output, vels
-------------------------
Input files:
EXAMPLE/VELS/FITS/velsf_warp.inp
EXAMPLE/VELS/FITS/vels.fits   pixscale  1.00 arcsec/pix


FITS region:       x-low:      1   y-low:      1 x-range:    255 y-range:    255
FITS sampling:    regrad:  12.00   regpa:  45.00  regeps:   0.45 istpout:      6

Output model and (data-model) residuals files:
EXAMPLE/VELS/FITS/OUT/warp.mod
EXAMPLE/VELS/FITS/OUT/warp.res

Disk toggles:         PA: T     eps: T  center: T non-axi: F    phib: F
vels toggles:    interp0: T  radial: F    Vsys: T    warp: T      rw: T    welm: T   wphim: T

Input values
------------
disk PA, phi_d^prime (deg):           45.00
disk eps:                              0.45
x,y center (data units):             130.50  126.50


Vsys (km/s):                         110.00
Delta_ISM (km/s):                      1.00

r_w (data units):                     90.00
Warp eps welm:                         0.00
Warp PA wphim:                         0.00

No seeing correction applied
No model component smoothing applied
Uncertainties estimated via bootstrap:  seed:      -50  nunc:        5  junc:   -1.00



Best fitting values
-------------------
disk PA, phi_d^prime (deg):           33.39 +/-  1.94
disk eps:                              0.52 +/-  0.02
disk incl (deg):                      61.40 +/-  1.52
x,y center (data units):             128.49 +/-  0.22,  128.53 +/-  0.17

Vsys (km/s):                         100.00 +/-  0.30
r_w (data units):                      9.00 +/- 52.40
Warp eps welm:                        -3.14 +/-  3.17
Warp PA wphim:                         9.58 +/-  5.06






Minimization Details
---------------------
# points Dn used in fit:               1224
# iterations in minimization:            20
Minimum chi^2 found:              25.476387
Degrees of freedom in fit:             1191

Fitted velocity components                  (radii in data units, velocities in km/s):
       r        npts          Vt         eVt          Vr         eVr        Vm,t       eVm,t        Vm,r       eVm,r
--------------------------------------------------------------------------------------------------------------------
      3.00     54.30       62.80        5.54        0.00        0.00        0.00        0.00        0.00        0.00
      9.00    128.54      117.63        8.74        0.00        0.00        0.00        0.00        0.00        0.00
     15.00     65.76      131.12        7.42        0.00        0.00        0.00        0.00        0.00        0.00
     21.00     13.63      143.45        8.47        0.00        0.00        0.00        0.00        0.00        0.00
     27.00     13.01      144.68        5.14        0.00        0.00        0.00        0.00        0.00        0.00
     33.00     16.37      149.97        8.23        0.00        0.00        0.00        0.00        0.00        0.00
     39.00     20.57      152.66        3.89        0.00        0.00        0.00        0.00        0.00        0.00
     45.00     22.82      154.15        1.70        0.00        0.00        0.00        0.00        0.00        0.00
     51.00     25.76      155.15        3.36        0.00        0.00        0.00        0.00        0.00        0.00
     57.00     29.20      161.95        4.95        0.00        0.00        0.00        0.00        0.00        0.00
     63.00     33.83      164.02        6.02        0.00        0.00        0.00        0.00        0.00        0.00
     69.00     35.60      173.67        8.29        0.00        0.00        0.00        0.00        0.00        0.00
     75.00     39.50      178.57        7.18        0.00        0.00        0.00        0.00        0.00        0.00
     81.00     43.08      183.95        7.30        0.00        0.00        0.00        0.00        0.00        0.00
     87.00     48.33      190.17        5.58        0.00        0.00        0.00        0.00        0.00        0.00
     93.00     49.77      189.69        4.16        0.00        0.00        0.00        0.00        0.00        0.00
     99.00     54.30      191.55        4.91        0.00        0.00        0.00        0.00        0.00        0.00
    105.00     58.97      192.91        4.07        0.00        0.00        0.00        0.00        0.00        0.00
    111.00     64.14      192.19        3.16        0.00        0.00        0.00        0.00        0.00        0.00
    117.00     66.49      193.88        2.50        0.00        0.00        0.00        0.00        0.00        0.00
    123.00     71.28      192.89        2.30        0.00        0.00        0.00        0.00        0.00        0.00
    129.00     76.19      194.35        2.67        0.00        0.00        0.00        0.00        0.00        0.00
    135.00     80.83      193.23        4.26        0.00        0.00        0.00        0.00        0.00        0.00
    141.00     68.39      195.93        3.94        0.00        0.00        0.00        0.00        0.00        0.00
    147.00     38.89      202.02        6.37        0.00        0.00        0.00        0.00        0.00        0.00
