Minimization output, vels
-------------------------
Input files:
EXAMPLE/VELS/TEXT/velst_err.inp
EXAMPLE/VELS/TEXT/vels.txt





Output model and (data-model) residuals files:
EXAMPLE/VELS/TEXT/OUT/err.mod


Disk toggles:         PA: T     eps: T  center: T non-axi: T    phib: T
vels toggles:    interp0: T  radial: F    Vsys: T    warp: F      rw: F    welm: F   wphim: F

Input values
------------
disk PA, phi_d^prime (deg):           80.00
disk eps:                              0.50
x,y center (data units):               0.00    0.00
Non-axisymm phib (deg):               45.00
Harmonic order m:                      2
Vsys (km/s):                         500.00
Delta_ISM (km/s):                      2.00





No seeing correction applied
No model component smoothing applied
Uncertainties estimated via bootstrap:  seed:      -50  nunc:        5  junc:    1.00



Best fitting values
-------------------
disk PA, phi_d^prime (deg):           85.03 +/-  0.99
disk eps:                              0.43 +/-  0.01
disk incl (deg):                      55.14 +/-  0.58
x,y center (data units):               2.16 +/-  0.03,    0.02 +/-  0.04
Non-axisymm phib (disk plane, deg):    31.24 +/-  6.52,  104.15,   41.73
Vsys (km/s):                         489.69 +/-  0.11









Minimization Details
---------------------
# points Dn used in fit:               1124
# iterations in minimization:             5
Minimum chi^2 found:               1.001668
Degrees of freedom in fit:             1058

Fitted velocity components                  (radii in data units, velocities in km/s):
       r        npts          Vt         eVt          Vr         eVr        Vm,t       eVm,t        Vm,r       eVm,r
--------------------------------------------------------------------------------------------------------------------
      2.50      5.23       38.27        4.52        0.00        0.00        1.68        2.79        7.93        4.49
      5.00     10.73       47.43        4.75        0.00        0.00       13.21        3.90        8.79        2.77
      7.50     17.60       55.31        4.80        0.00        0.00       19.22        2.20       15.07        2.21
     10.00     22.52       62.86        5.67        0.00        0.00       21.47        3.87       20.03        5.69
     12.50     27.26       68.44        5.52        0.00        0.00       27.14        2.63       19.56        4.61
     15.00     33.90       72.52        6.03        0.00        0.00       28.88        3.48       22.51        2.68
     17.50     40.05       75.68        5.37        0.00        0.00       26.68        1.85       23.39        3.33
     20.00     44.42       79.78        5.82        0.00        0.00       26.03        4.20       22.65        2.81
     22.50     49.67       80.20        4.11        0.00        0.00       18.78        2.87       18.90        3.20
     25.00     57.31       79.80        3.99        0.00        0.00       18.48        3.16       13.85        2.48
     27.50     61.89       83.59        2.50        0.00        0.00        9.14        2.46        8.70        2.62
     30.00     66.14       83.20        1.34        0.00        0.00        4.14        2.89        3.26        2.28
     32.50     72.56       84.42        1.13        0.00        0.00       -0.07        2.41       -3.02        2.10
     35.00     81.36       87.75        0.71        0.00        0.00       -0.24        2.26        1.27        1.15
     37.50     81.81       88.79        0.48        0.00        0.00        0.25        1.33       -0.12        1.41
     40.00     89.59       89.53        1.15        0.00        0.00        0.08        2.19        1.51        1.36
     42.50     96.37       93.16        0.23        0.00        0.00       -0.13        1.90        1.49        1.23
     45.00    102.04       94.53        0.24        0.00        0.00        2.06        2.05       -0.32        1.12
     47.50    104.00       95.58        1.02        0.00        0.00        0.04        2.87        1.03        1.92
     50.00     58.23       97.45        1.31        0.00        0.00       -0.45        1.26       -3.12        2.66
